TN:
SF:src/app/app.component.html
FNF:0
FNH:0
DA:1,1
LF:1
LH:1
BRF:0
BRH:0
end_of_record
TN:
SF:src/app/app.component.ts
FN:10,(anonymous_0)
FNF:1
FNH:1
FNDA:2,(anonymous_0)
DA:1,1
DA:2,1
DA:10,1
DA:11,2
LF:4
LH:4
BRF:0
BRH:0
end_of_record
TN:
SF:src/app/features/viewer/viewer.component.ts
FN:27,(anonymous_0)
FNF:1
FNH:1
FNDA:1,(anonymous_0)
DA:1,1
DA:2,1
DA:3,1
DA:4,1
DA:5,1
DA:6,1
DA:7,1
DA:8,1
DA:9,1
DA:26,1
DA:27,1
LF:11
LH:11
BRF:0
BRH:0
end_of_record
TN:
SF:src/app/features/viewer/components/badge/badge.component.ts
FN:19,(anonymous_0)
FNF:1
FNH:1
FNDA:30,(anonymous_0)
DA:1,4
DA:2,4
DA:3,4
DA:19,4
DA:20,30
DA:21,30
DA:22,30
LF:7
LH:7
BRF:0
BRH:0
end_of_record
TN:
SF:src/app/features/viewer/components/language-list/language-list.component.html
FNF:0
FNH:0
DA:1,2
LF:1
LH:1
BRF:0
BRH:0
end_of_record
TN:
SF:src/app/features/viewer/components/language-list/language-list.component.ts
FN:12,(anonymous_0)
FN:15,(anonymous_1)
FN:18,(anonymous_2)
FN:23,(anonymous_3)
FN:29,(anonymous_4)
FNF:5
FNH:5
FNDA:3,(anonymous_0)
FNDA:2,(anonymous_1)
FNDA:6,(anonymous_2)
FNDA:2,(anonymous_3)
FNDA:12,(anonymous_4)
DA:1,2
DA:2,2
DA:3,2
DA:12,2
DA:13,3
DA:16,2
DA:17,2
DA:19,6
DA:24,2
DA:27,3
DA:30,12
DA:31,12
DA:33,4
DA:34,4
DA:37,8
DA:38,8
DA:40,12
LF:17
LH:17
BRDA:31,0,0,4
BRDA:31,0,1,8
BRDA:31,0,2,8
BRF:3
BRH:3
end_of_record
TN:
SF:src/app/features/viewer/components/progress/progress.component.ts
FN:13,(anonymous_0)
FNF:1
FNH:1
FNDA:11,(anonymous_0)
DA:1,4
DA:2,4
DA:3,4
DA:13,4
DA:14,11
DA:15,11
DA:16,11
LF:7
LH:7
BRF:0
BRH:0
end_of_record
TN:
SF:src/app/features/viewer/components/section/section.component.html
FNF:0
FNH:0
DA:1,2
LF:1
LH:1
BRF:0
BRH:0
end_of_record
TN:
SF:src/app/features/viewer/components/section/section.component.ts
FN:10,(anonymous_0)
FNF:1
FNH:1
FNDA:6,(anonymous_0)
DA:1,2
DA:10,2
DA:11,6
LF:3
LH:3
BRF:0
BRH:0
end_of_record
TN:
SF:src/app/features/viewer/components/skill-list/skill-list.component.html
FNF:0
FNH:0
DA:1,4
LF:1
LH:1
BRF:0
BRH:0
end_of_record
TN:
SF:src/app/features/viewer/components/skill-list/skill-list.component.ts
FN:20,(anonymous_0)
FN:29,(anonymous_1)
FN:31,(anonymous_2)
FN:32,(anonymous_3)
FNF:4
FNH:4
FNDA:11,(anonymous_0)
FNDA:11,(anonymous_1)
FNDA:11,(anonymous_2)
FNDA:47,(anonymous_3)
DA:1,4
DA:2,4
DA:8,4
DA:10,4
DA:11,4
DA:20,4
DA:22,11
DA:23,11
DA:25,11
DA:27,11
DA:30,11
DA:31,11
DA:32,47
LF:13
LH:13
BRDA:30,0,0,3
BRDA:30,0,1,8
BRDA:31,1,0,11
BRDA:31,1,1,2
BRDA:31,2,0,11
BRDA:31,2,1,3
BRF:6
BRH:6
end_of_record
TN:
SF:src/app/features/viewer/components/skill-with-level/skill-with-level.component.ts
FNF:0
FNH:0
DA:1,4
DA:2,4
DA:4,4
DA:16,4
LF:4
LH:4
BRF:0
BRH:0
end_of_record
TN:
SF:src/app/features/viewer/components/work-experience/work-experience.component.html
FNF:0
FNH:0
DA:1,3
LF:1
LH:1
BRF:0
BRH:0
end_of_record
TN:
SF:src/app/features/viewer/components/work-experience/work-experience.component.ts
FNF:0
FNH:0
DA:1,3
DA:2,3
DA:3,3
DA:5,3
DA:14,3
LF:5
LH:5
BRF:0
BRH:0
end_of_record
TN:
SF:src/app/features/viewer/model/language.ts
FN:1,(anonymous_0)
FNF:1
FNH:1
FNDA:4,(anonymous_0)
DA:1,4
DA:2,4
DA:3,4
LF:3
LH:3
BRDA:1,0,0,4
BRDA:1,0,1,4
BRF:2
BRH:2
end_of_record
TN:
SF:src/app/features/viewer/model/personal-data.ts
FN:1,(anonymous_0)
FNF:1
FNH:1
FNDA:3,(anonymous_0)
DA:1,3
DA:2,3
DA:3,3
DA:4,3
DA:5,3
LF:5
LH:5
BRDA:1,0,0,3
BRDA:1,0,1,3
BRF:2
BRH:2
end_of_record
TN:
SF:src/app/features/viewer/model/skill.ts
FN:1,(anonymous_0)
FNF:1
FNH:1
FNDA:4,(anonymous_0)
DA:1,4
DA:2,4
DA:3,4
DA:4,4
DA:5,4
DA:6,4
LF:6
LH:6
BRDA:1,0,0,4
BRDA:1,0,1,4
BRF:2
BRH:2
end_of_record
TN:
SF:src/app/features/viewer/services/cv-data-loader.service.ts
FN:15,(anonymous_0)
FN:20,(anonymous_1)
FN:22,(anonymous_2)
FN:25,(anonymous_3)
FNF:4
FNH:4
FNDA:2,(anonymous_0)
FNDA:2,(anonymous_1)
FNDA:2,(anonymous_2)
FNDA:2,(anonymous_3)
DA:1,3
DA:2,3
DA:9,3
DA:10,2
DA:11,2
DA:13,2
DA:16,2
DA:17,2
DA:21,2
DA:22,2
DA:26,2
LF:11
LH:11
BRF:0
BRH:0
end_of_record
TN:
SF:src/app/features/viewer/services/cv-data.service.ts
FN:26,(anonymous_0)
FN:28,(anonymous_1)
FN:34,(anonymous_2)
FN:47,(anonymous_3)
FN:50,(anonymous_4)
FN:54,(anonymous_5)
FN:55,(anonymous_6)
FN:57,(anonymous_7)
FN:62,(anonymous_8)
FN:70,(anonymous_9)
FN:71,(anonymous_10)
FN:76,(anonymous_11)
FN:79,(anonymous_12)
FN:83,(anonymous_13)
FN:88,(anonymous_14)
FN:89,(anonymous_15)
FN:90,(anonymous_16)
FN:94,(anonymous_17)
FN:98,(anonymous_18)
FN:134,(anonymous_19)
FN:146,(anonymous_20)
FN:152,(anonymous_21)
FNF:22
FNH:22
FNDA:21,(anonymous_0)
FNDA:2,(anonymous_1)
FNDA:1,(anonymous_2)
FNDA:2,(anonymous_3)
FNDA:5,(anonymous_4)
FNDA:45,(anonymous_5)
FNDA:40,(anonymous_6)
FNDA:40,(anonymous_7)
FNDA:5,(anonymous_8)
FNDA:10,(anonymous_9)
FNDA:12,(anonymous_10)
FNDA:6,(anonymous_11)
FNDA:17,(anonymous_12)
FNDA:17,(anonymous_13)
FNDA:17,(anonymous_14)
FNDA:38,(anonymous_15)
FNDA:9,(anonymous_16)
FNDA:18,(anonymous_17)
FNDA:12,(anonymous_18)
FNDA:5,(anonymous_19)
FNDA:5,(anonymous_20)
FNDA:5,(anonymous_21)
DA:1,2
DA:11,2
DA:18,2
DA:23,2
DA:27,21
DA:28,21
DA:29,2
DA:30,2
DA:35,1
DA:48,2
DA:49,2
DA:50,2
DA:51,5
DA:54,45
DA:55,40
DA:57,40
DA:59,2
DA:63,5
DA:71,10
DA:72,12
DA:77,6
DA:79,17
DA:81,6
DA:83,17
DA:85,6
DA:89,38
DA:90,9
DA:93,6
DA:94,18
DA:100,12
DA:102,3
DA:107,3
DA:109,3
DA:114,3
DA:116,3
DA:121,3
DA:124,3
DA:129,3
DA:131,12
DA:135,5
DA:147,5
DA:153,5
LF:42
LH:42
BRDA:30,0,0,1
BRDA:30,0,1,1
BRDA:79,1,0,17
BRDA:79,1,1,8
BRDA:83,2,0,17
BRDA:83,2,1,6
BRDA:89,3,0,17
BRDA:89,3,1,10
BRDA:100,4,0,3
BRDA:100,4,1,3
BRDA:100,4,2,3
BRDA:100,4,3,3
BRDA:100,4,4,3
BRDA:135,5,0,2
BRDA:135,5,1,3
BRDA:147,6,0,2
BRDA:147,6,1,3
BRDA:153,7,0,2
BRDA:153,7,1,3
BRF:19
BRH:19
end_of_record
TN:
SF:src/app/model/language.ts
FN:1,(anonymous_0)
FNF:1
FNH:1
FNDA:1,(anonymous_0)
DA:1,1
DA:2,1
DA:3,1
DA:11,1
LF:4
LH:4
BRDA:1,0,0,1
BRDA:1,0,1,1
BRF:2
BRH:2
end_of_record
TN:
SF:src/app/shared/pipe/format-date/format-date.pipe.ts
FN:20,(anonymous_0)
FN:22,(anonymous_1)
FNF:2
FNH:2
FNDA:13,(anonymous_0)
FNDA:23,(anonymous_1)
DA:1,4
DA:2,4
DA:16,4
DA:17,4
DA:18,4
DA:20,13
DA:23,23
DA:24,5
DA:27,18
DA:28,4
DA:30,14
DA:31,14
DA:33,1
LF:13
LH:13
BRDA:23,0,0,5
BRDA:23,0,1,18
BRDA:27,1,0,4
BRDA:27,1,1,14
BRDA:27,2,0,18
BRDA:27,2,1,16
BRF:6
BRH:6
end_of_record
